<?xml version="1.0" encoding="UTF-8"?>
<!-- Generated by org.testng.reporters.JUnitReportReporter -->
<testsuite hostname="DESKTOP-S79V34K" failures="0" tests="1" name="SeleniumMethods.GetURL" time="3.401" errors="0" timestamp="2025-06-29T13:07:20 IST" skipped="0">
  <testcase classname="SeleniumMethods.GetURL" name="f" time="3.401"/>
  <system-out/>
</testsuite> <!-- SeleniumMethods.GetURL -->
