<?xml version="1.0" encoding="UTF-8"?>
<!-- Generated by org.testng.reporters.JUnitReportReporter -->
<testsuite hostname="DESKTOP-S79V34K" failures="0" tests="5" name="TestNG.PracticeGroups" time="0.032" errors="0" timestamp="2025-07-04T01:32:03 IST" skipped="0">
  <testcase classname="TestNG.PracticeGroups" name="f" time="0.013"/>
  <system-out/>
  <testcase classname="TestNG.PracticeGroups" name="g" time="0.007"/>
  <system-out/>
  <testcase classname="TestNG.PracticeGroups" name="g" time="0.002"/>
  <system-out/>
  <testcase classname="TestNG.PracticeGroups" name="g" time="0.006"/>
  <system-out/>
  <testcase classname="TestNG.PracticeGroups" name="h" time="0.004"/>
  <system-out/>
</testsuite> <!-- TestNG.PracticeGroups -->
