<?xml version="1.0" encoding="UTF-8"?>
<!-- Generated by org.testng.reporters.JUnitReportReporter -->
<testsuite hostname="DESKTOP-S79V34K" failures="0" tests="1" name="SeleniumMethods.JSEClickSendKeys" time="12.715" errors="0" timestamp="2025-07-03T15:04:06 IST" skipped="0">
  <testcase classname="SeleniumMethods.JSEClickSendKeys" name="sendKeyMethod" time="12.715"/>
  <system-out/>
</testsuite> <!-- SeleniumMethods.JSEClickSendKeys -->
